<?xml version="1.0" encoding="UTF-8"?>
<!-- Generated by org.testng.reporters.JUnitXMLReporter -->
<testsuite hostname="DESKTOP-VHEK48H" failures="0" tests="1" name="Default test" time="0.768" errors="0" timestamp="19 Mar 2019 12:04:21 GMT">
  <testcase classname="com.selenium.mindmatrix.project.testcases.ForgotPasswordPageBeforeLogin" name="testForgotPasswordPageBeforeLogin" time="0.015">
    <skipped/>
  </testcase> <!-- testForgotPasswordPageBeforeLogin -->
</testsuite> <!-- Default test -->
