<?xml version="1.0" encoding="UTF-8"?>
<testng-results total="1" passed="0" failed="0" skipped="1">
  <reporter-output>
  </reporter-output>
  <suite started-at="2019-03-19T12:04:20Z" name="Default suite" finished-at="2019-03-19T12:04:21Z" duration-ms="768">
    <groups>
    </groups>
    <test started-at="2019-03-19T12:04:20Z" name="Default test" finished-at="2019-03-19T12:04:21Z" duration-ms="768">
      <class name="com.selenium.mindmatrix.project.testcases.ForgotPasswordPageBeforeLogin">
        <test-method signature="testForgotPasswordPageBeforeLogin(java.util.Hashtable)[pri:0, instance:com.selenium.mindmatrix.project.testcases.ForgotPasswordPageBeforeLogin@5745ca0e]" started-at="2019-03-19T17:34:21Z" name="testForgotPasswordPageBeforeLogin" data-provider="getData" finished-at="2019-03-19T17:34:21Z" duration-ms="15" status="SKIP">
          <params>
            <param index="0">
              <value>
                <![CDATA[{Username=rohit26580@rediffmail.com, ExpectedResult=Y, Password=rohit123, Runmode=Y, Browser=Chrome}]]>
              </value>
            </param>
          </params>
          <exception class="org.testng.SkipException">
            <message>
              <![CDATA[Skipping the test as runmode is N]]>
            </message>
            <full-stacktrace>
              <![CDATA[org.testng.SkipException: Skipping the test as runmode is N
	at com.selenium.mindmatrix.project.testcases.ForgotPasswordPageBeforeLogin.testForgotPasswordPageBeforeLogin(ForgotPasswordPageBeforeLogin.java:33)
	at java.base/jdk.internal.reflect.NativeMethodAccessorImpl.invoke0(Native Method)
	at java.base/jdk.internal.reflect.NativeMethodAccessorImpl.invoke(NativeMethodAccessorImpl.java:62)
	at java.base/jdk.internal.reflect.DelegatingMethodAccessorImpl.invoke(DelegatingMethodAccessorImpl.java:43)
	at java.base/java.lang.reflect.Method.invoke(Method.java:566)
	at org.testng.internal.MethodInvocationHelper.invokeMethod(MethodInvocationHelper.java:85)
	at org.testng.internal.Invoker.invokeMethod(Invoker.java:639)
	at org.testng.internal.Invoker.invokeTestMethod(Invoker.java:821)
	at org.testng.internal.Invoker.invokeTestMethods(Invoker.java:1131)
	at org.testng.internal.TestMethodWorker.invokeTestMethods(TestMethodWorker.java:124)
	at org.testng.internal.TestMethodWorker.run(TestMethodWorker.java:108)
	at org.testng.TestRunner.privateRun(TestRunner.java:773)
	at org.testng.TestRunner.run(TestRunner.java:623)
	at org.testng.SuiteRunner.runTest(SuiteRunner.java:357)
	at org.testng.SuiteRunner.runSequentially(SuiteRunner.java:352)
	at org.testng.SuiteRunner.privateRun(SuiteRunner.java:310)
	at org.testng.SuiteRunner.run(SuiteRunner.java:259)
	at org.testng.SuiteRunnerWorker.runSuite(SuiteRunnerWorker.java:52)
	at org.testng.SuiteRunnerWorker.run(SuiteRunnerWorker.java:86)
	at org.testng.TestNG.runSuitesSequentially(TestNG.java:1185)
	at org.testng.TestNG.runSuitesLocally(TestNG.java:1110)
	at org.testng.TestNG.run(TestNG.java:1018)
	at org.testng.remote.AbstractRemoteTestNG.run(AbstractRemoteTestNG.java:114)
	at org.testng.remote.RemoteTestNG.initAndRun(RemoteTestNG.java:251)
	at org.testng.remote.RemoteTestNG.main(RemoteTestNG.java:77)
]]>
            </full-stacktrace>
          </exception> <!-- org.testng.SkipException -->
          <reporter-output>
          </reporter-output>
        </test-method> <!-- testForgotPasswordPageBeforeLogin -->
        <test-method is-config="true" signature="init()[pri:0, instance:com.selenium.mindmatrix.project.testcases.ForgotPasswordPageBeforeLogin@5745ca0e]" started-at="2019-03-19T17:34:21Z" name="init" finished-at="2019-03-19T17:34:21Z" duration-ms="0" status="PASS">
          <reporter-output>
          </reporter-output>
        </test-method> <!-- init -->
        <test-method is-config="true" signature="quit()[pri:0, instance:com.selenium.mindmatrix.project.testcases.ForgotPasswordPageBeforeLogin@5745ca0e]" started-at="2019-03-19T17:34:21Z" name="quit" finished-at="2019-03-19T17:34:21Z" duration-ms="216" status="PASS">
          <reporter-output>
          </reporter-output>
        </test-method> <!-- quit -->
      </class> <!-- com.selenium.mindmatrix.project.testcases.ForgotPasswordPageBeforeLogin -->
    </test> <!-- Default test -->
  </suite> <!-- Default suite -->
</testng-results>
