<?xml version="1.0" encoding="UTF-8"?>
<!-- Generated by org.testng.reporters.JUnitXMLReporter -->
<testsuite hostname="hppc-PC" failures="0" tests="2" name="LeadTest" time="0.041" errors="0" timestamp="15 Feb 2019 07:27:08 GMT">
  <testcase classname="com.selenium.zoho.project.testcases.LeadTest" name="@AfterMethod quit" time="0.0">
    <failure type="java.lang.NullPointerException">
      <![CDATA[java.lang.NullPointerException
	at com.relevantcodes.extentreports.ExtentReports.endTest(ExtentReports.java:618)
	at com.selenium.zoho.project.testcases.LeadTest.quit(LeadTest.java:107)
... Removed 26 stack frames]]>
    </failure>
  </testcase> <!-- @AfterMethod quit -->
  <testcase classname="com.selenium.zoho.project.testcases.LeadTest" name="@BeforeMethod init" time="0.0">
    <skipped/>
  </testcase> <!-- @BeforeMethod init -->
  <testcase classname="com.selenium.zoho.project.testcases.LeadTest" name="@AfterMethod quit" time="0.0">
    <skipped/>
  </testcase> <!-- @AfterMethod quit -->
  <testcase classname="com.selenium.zoho.project.testcases.LeadTest" name="convertLeadTest" time="0.0"/>
  <testcase classname="com.selenium.zoho.project.testcases.LeadTest" name="deleteLeadAccountTest" time="0.0">
    <skipped/>
  </testcase> <!-- deleteLeadAccountTest -->
</testsuite> <!-- LeadTest -->
